

============================== 2023-01-23 22:02:33.361420 | 111e76d0-f7d3-4e4d-a0ee-c8fd1039dfb5 ==============================
[0m22:02:33.361441 [info ] [MainThread]: Running with dbt=1.3.2
[0m22:02:33.363556 [debug] [MainThread]: running dbt with arguments {'write_json': True, 'use_colors': True, 'printer_width': 80, 'version_check': True, 'partial_parse': True, 'static_parser': True, 'profiles_dir': '/home/tcl/.dbt', 'send_anonymous_usage_stats': True, 'event_buffer_size': 100000, 'quiet': False, 'no_print': False, 'cache_selected_only': False, 'config_dir': False, 'which': 'debug', 'indirect_selection': 'eager'}
[0m22:02:33.365040 [debug] [MainThread]: Tracking: tracking
[0m22:02:33.368843 [debug] [MainThread]: Sending event: {'category': 'dbt', 'action': 'invocation', 'label': 'start', 'context': [<snowplow_tracker.self_describing_json.SelfDescribingJson object at 0x7fe2f63628c0>, <snowplow_tracker.self_describing_json.SelfDescribingJson object at 0x7fe2f6362800>, <snowplow_tracker.self_describing_json.SelfDescribingJson object at 0x7fe2f63627a0>]}
[0m22:02:34.855530 [debug] [MainThread]: Executing "git --help"
[0m22:02:34.886225 [debug] [MainThread]: STDOUT: "b"usage: git [--version] [--help] [-C <path>] [-c <name>=<value>]\n           [--exec-path[=<path>]] [--html-path] [--man-path] [--info-path]\n           [-p | --paginate | -P | --no-pager] [--no-replace-objects] [--bare]\n           [--git-dir=<path>] [--work-tree=<path>] [--namespace=<name>]\n           [--super-prefix=<path>] [--config-env=<name>=<envvar>]\n           <command> [<args>]\n\nThese are common Git commands used in various situations:\n\nstart a working area (see also: git help tutorial)\n   clone     Clone a repository into a new directory\n   init      Create an empty Git repository or reinitialize an existing one\n\nwork on the current change (see also: git help everyday)\n   add       Add file contents to the index\n   mv        Move or rename a file, a directory, or a symlink\n   restore   Restore working tree files\n   rm        Remove files from the working tree and from the index\n\nexamine the history and state (see also: git help revisions)\n   bisect    Use binary search to find the commit that introduced a bug\n   diff      Show changes between commits, commit and working tree, etc\n   grep      Print lines matching a pattern\n   log       Show commit logs\n   show      Show various types of objects\n   status    Show the working tree status\n\ngrow, mark and tweak your common history\n   branch    List, create, or delete branches\n   commit    Record changes to the repository\n   merge     Join two or more development histories together\n   rebase    Reapply commits on top of another base tip\n   reset     Reset current HEAD to the specified state\n   switch    Switch branches\n   tag       Create, list, delete or verify a tag object signed with GPG\n\ncollaborate (see also: git help workflows)\n   fetch     Download objects and refs from another repository\n   pull      Fetch from and integrate with another repository or a local branch\n   push      Update remote refs along with associated objects\n\n'git help -a' and 'git help -g' list available subcommands and some\nconcept guides. See 'git help <command>' or 'git help <concept>'\nto read about a specific subcommand or concept.\nSee 'git help git' for an overview of the system.\n""
[0m22:02:34.887852 [debug] [MainThread]: STDERR: "b''"
[0m22:02:34.888900 [debug] [MainThread]: Sending event: {'category': 'dbt', 'action': 'invocation', 'label': 'end', 'context': [<snowplow_tracker.self_describing_json.SelfDescribingJson object at 0x7fe2f63627a0>, <snowplow_tracker.self_describing_json.SelfDescribingJson object at 0x7fe2d0b08dc0>, <snowplow_tracker.self_describing_json.SelfDescribingJson object at 0x7fe2d0b091b0>]}
[0m22:02:34.889975 [debug] [MainThread]: Flushing usage events
[0m11:44:06.683065 [debug] [MainThread]: Sending event: {'category': 'dbt', 'action': 'invocation', 'label': 'start', 'context': [<snowplow_tracker.self_describing_json.SelfDescribingJson object at 0x7f26b7e09ab0>, <snowplow_tracker.self_describing_json.SelfDescribingJson object at 0x7f26b667a500>, <snowplow_tracker.self_describing_json.SelfDescribingJson object at 0x7f26b667a4d0>]}


============================== 11:44:06.686522 | 40b7b946-ec0b-4ce9-89c3-49eda0402e9c ==============================
[0m11:44:06.686522 [info ] [MainThread]: Running with dbt=1.5.0
[0m11:44:06.687844 [debug] [MainThread]: running dbt with arguments {'fail_fast': 'False', 'quiet': 'False', 'write_json': 'True', 'version_check': 'True', 'log_format': 'default', 'log_cache_events': 'False', 'cache_selected_only': 'False', 'indirect_selection': 'eager', 'use_colors': 'True', 'warn_error_options': 'WarnErrorOptions(include=[], exclude=[])', 'use_experimental_parser': 'False', 'log_path': 'logs', 'printer_width': '80', 'static_parser': 'True', 'target_path': 'None', 'send_anonymous_usage_stats': 'True', 'debug': 'False', 'profiles_dir': '/home/tcl/.dbt', 'warn_error': 'None', 'introspect': 'True', 'partial_parse': 'True', 'no_print': 'None'}
[0m11:44:06.688754 [error] [MainThread]: Encountered an error:
Runtime Error
  No dbt_project.yml found at expected path /home/tcl/prj/data4nz_make/dbt_project.yml
  Verify that each entry within packages.yml (and their transitive dependencies) contains a file named dbt_project.yml
  
[0m11:44:06.690190 [debug] [MainThread]: Command `dbt test` failed at 11:44:06.689904 after 0.01 seconds
[0m11:44:06.690783 [debug] [MainThread]: Sending event: {'category': 'dbt', 'action': 'invocation', 'label': 'end', 'context': [<snowplow_tracker.self_describing_json.SelfDescribingJson object at 0x7f26b7e09ab0>, <snowplow_tracker.self_describing_json.SelfDescribingJson object at 0x7f26b667a470>, <snowplow_tracker.self_describing_json.SelfDescribingJson object at 0x7f26b667a680>]}
[0m11:44:06.691637 [debug] [MainThread]: Flushing usage events
[0m18:15:31.227766 [debug] [MainThread]: Sending event: {'category': 'dbt', 'action': 'invocation', 'label': 'start', 'context': [<snowplow_tracker.self_describing_json.SelfDescribingJson object at 0x7f25a24560e0>, <snowplow_tracker.self_describing_json.SelfDescribingJson object at 0x7f25a0d3f670>, <snowplow_tracker.self_describing_json.SelfDescribingJson object at 0x7f25a0d3f5e0>]}


============================== 18:15:31.233024 | bba5868d-f3a2-47e9-9095-a91c10906d1f ==============================
[0m18:15:31.233024 [info ] [MainThread]: Running with dbt=1.5.2
[0m18:15:31.234029 [debug] [MainThread]: running dbt with arguments {'printer_width': '80', 'indirect_selection': 'eager', 'write_json': 'True', 'log_cache_events': 'False', 'partial_parse': 'True', 'cache_selected_only': 'False', 'profiles_dir': '/home/tcl/.dbt', 'debug': 'False', 'warn_error': 'None', 'log_path': 'logs', 'version_check': 'True', 'fail_fast': 'False', 'use_colors': 'True', 'use_experimental_parser': 'False', 'no_print': 'None', 'quiet': 'False', 'log_format': 'default', 'introspect': 'True', 'static_parser': 'True', 'warn_error_options': 'WarnErrorOptions(include=[], exclude=[])', 'target_path': 'None', 'send_anonymous_usage_stats': 'True'}
[0m18:15:31.234744 [error] [MainThread]: Encountered an error:
Runtime Error
  No dbt_project.yml found at expected path /home/tcl/prj/data4nz_make/dbt_project.yml
  Verify that each entry within packages.yml (and their transitive dependencies) contains a file named dbt_project.yml
  
[0m18:15:31.235762 [debug] [MainThread]: Command `dbt run` failed at 18:15:31.235589 after 0.02 seconds
[0m18:15:31.236335 [debug] [MainThread]: Sending event: {'category': 'dbt', 'action': 'invocation', 'label': 'end', 'context': [<snowplow_tracker.self_describing_json.SelfDescribingJson object at 0x7f25a24560e0>, <snowplow_tracker.self_describing_json.SelfDescribingJson object at 0x7f25a0d3c2b0>, <snowplow_tracker.self_describing_json.SelfDescribingJson object at 0x7f25a0d3f7c0>]}
[0m18:15:31.237308 [debug] [MainThread]: Flushing usage events
